2022-06-14 17:08:00,016 — DEBUG — __connect:662 — Created new connection <connection object at 0x000001CC3229BCD0; dsn: 'user=postgres password=xxx dbname=lotto host=localhost port=5432', closed: 0>
2022-06-14 17:08:00,016 — INFO — _execute_context:1772 — select pg_catalog.version()
2022-06-14 17:08:00,016 — INFO — _execute_context:1777 — [raw sql] {}
2022-06-14 17:08:00,016 — DEBUG — _init_metadata:1330 — Col ('version',)
2022-06-14 17:08:00,016 — DEBUG — log_row:1257 — Row ('PostgreSQL 14.3, compiled by Visual C++ build 1914, 64-bit',)
2022-06-14 17:08:00,016 — INFO — _execute_context:1772 — select current_schema()
2022-06-14 17:08:00,016 — INFO — _execute_context:1777 — [raw sql] {}
2022-06-14 17:08:00,016 — DEBUG — _init_metadata:1330 — Col ('current_schema',)
2022-06-14 17:08:00,016 — DEBUG — log_row:1257 — Row ('public',)
2022-06-14 17:08:00,016 — INFO — _execute_context:1772 — show standard_conforming_strings
2022-06-14 17:08:00,016 — INFO — _execute_context:1777 — [raw sql] {}
2022-06-14 17:08:00,016 — DEBUG — _init_metadata:1330 — Col ('standard_conforming_strings',)
2022-06-14 17:08:00,016 — DEBUG — log_row:1257 — Row ('on',)
2022-06-14 17:08:00,016 — DEBUG — checkout:492 — Connection <connection object at 0x000001CC3229BCD0; dsn: 'user=postgres password=xxx dbname=lotto host=localhost port=5432', closed: 0> checked out from pool
2022-06-14 17:08:00,016 — INFO — _execute_context:1772 — SELECT 1 FROM pg_database WHERE datname='lotto'
2022-06-14 17:08:00,016 — INFO — _execute_context:1777 — [raw sql] {}
2022-06-14 17:08:00,016 — DEBUG — _init_metadata:1330 — Col ('?column?',)
2022-06-14 17:08:00,016 — DEBUG — log_row:1257 — Row (1,)
2022-06-14 17:08:00,016 — DEBUG — _finalize_fairy:723 — Connection <connection object at 0x000001CC3229BCD0; dsn: 'user=postgres password=xxx dbname=lotto host=localhost port=5432', closed: 0> being returned to pool
2022-06-14 17:08:00,016 — DEBUG — _reset:985 — Connection <connection object at 0x000001CC3229BCD0; dsn: 'user=postgres password=xxx dbname=lotto host=localhost port=5432', closed: 0> rollback-on-return
2022-06-14 17:08:00,016 — DEBUG — _close_connection:244 — Closing connection <connection object at 0x000001CC3229BCD0; dsn: 'user=postgres password=xxx dbname=lotto host=localhost port=5432', closed: 0>
2022-06-14 17:08:00,016 — INFO — dispose:195 — Pool disposed. Pool size: 5  Connections in pool: 0 Current Overflow: -5 Current Checked out connections: 0
2022-06-14 17:08:00,016 — INFO — recreate:170 — Pool recreating
2022-06-14 17:08:00,032 — INFO — _log:1961 — (HCMLotto|HCMLotto) _configure_property(id, Column)
2022-06-14 17:08:00,032 — INFO — _log:1961 — (HCMLotto|HCMLotto) _configure_property(date, Column)
2022-06-14 17:08:00,032 — INFO — _log:1961 — (HCMLotto|HCMLotto) _configure_property(result, Column)
2022-06-14 17:08:00,032 — INFO — _log:1961 — (HCMLotto|HCMLotto) _configure_property(is_last_day, Column)
2022-06-14 17:08:00,032 — INFO — _log:1961 — (HCMLotto|HCMLotto) Identified primary key columns: ColumnSet([Column('id', Integer(), table=<HCMLotto>, primary_key=True, nullable=False)])
2022-06-14 17:08:00,032 — INFO — _log:1961 — (HCMLotto|HCMLotto) constructed
2022-06-14 17:08:00,032 — INFO — _log:1961 — (Vietlott645|Vietlott645) _configure_property(id, Column)
2022-06-14 17:08:00,032 — INFO — _log:1961 — (Vietlott645|Vietlott645) _configure_property(date, Column)
2022-06-14 17:08:00,032 — INFO — _log:1961 — (Vietlott645|Vietlott645) _configure_property(result, Column)
2022-06-14 17:08:00,032 — INFO — _log:1961 — (Vietlott645|Vietlott645) _configure_property(is_last_day, Column)
2022-06-14 17:08:00,032 — INFO — _log:1961 — (Vietlott645|Vietlott645) Identified primary key columns: ColumnSet([Column('id', Integer(), table=<Vietlott645>, primary_key=True, nullable=False)])
2022-06-14 17:08:00,032 — INFO — _log:1961 — (Vietlott645|Vietlott645) constructed
