2022-06-14 17:08:00,016 — INFO — _execute_context:1772 — select pg_catalog.version()
2022-06-14 17:08:00,016 — INFO — _execute_context:1777 — [raw sql] {}
2022-06-14 17:08:00,016 — INFO — _execute_context:1772 — select current_schema()
2022-06-14 17:08:00,016 — INFO — _execute_context:1777 — [raw sql] {}
2022-06-14 17:08:00,016 — INFO — _execute_context:1772 — show standard_conforming_strings
2022-06-14 17:08:00,016 — INFO — _execute_context:1777 — [raw sql] {}
2022-06-14 17:08:00,016 — INFO — _execute_context:1772 — SELECT 1 FROM pg_database WHERE datname='lotto'
2022-06-14 17:08:00,016 — INFO — _execute_context:1777 — [raw sql] {}
2022-06-14 17:08:00,016 — INFO — dispose:195 — Pool disposed. Pool size: 5  Connections in pool: 0 Current Overflow: -5 Current Checked out connections: 0
2022-06-14 17:08:00,016 — INFO — recreate:170 — Pool recreating
2022-06-14 17:08:00,032 — INFO — _log:1961 — (HCMLotto|HCMLotto) _configure_property(id, Column)
2022-06-14 17:08:00,032 — INFO — _log:1961 — (HCMLotto|HCMLotto) _configure_property(date, Column)
2022-06-14 17:08:00,032 — INFO — _log:1961 — (HCMLotto|HCMLotto) _configure_property(result, Column)
2022-06-14 17:08:00,032 — INFO — _log:1961 — (HCMLotto|HCMLotto) _configure_property(is_last_day, Column)
2022-06-14 17:08:00,032 — INFO — _log:1961 — (HCMLotto|HCMLotto) Identified primary key columns: ColumnSet([Column('id', Integer(), table=<HCMLotto>, primary_key=True, nullable=False)])
2022-06-14 17:08:00,032 — INFO — _log:1961 — (HCMLotto|HCMLotto) constructed
2022-06-14 17:08:00,032 — INFO — _log:1961 — (Vietlott645|Vietlott645) _configure_property(id, Column)
2022-06-14 17:08:00,032 — INFO — _log:1961 — (Vietlott645|Vietlott645) _configure_property(date, Column)
2022-06-14 17:08:00,032 — INFO — _log:1961 — (Vietlott645|Vietlott645) _configure_property(result, Column)
2022-06-14 17:08:00,032 — INFO — _log:1961 — (Vietlott645|Vietlott645) _configure_property(is_last_day, Column)
2022-06-14 17:08:00,032 — INFO — _log:1961 — (Vietlott645|Vietlott645) Identified primary key columns: ColumnSet([Column('id', Integer(), table=<Vietlott645>, primary_key=True, nullable=False)])
2022-06-14 17:08:00,032 — INFO — _log:1961 — (Vietlott645|Vietlott645) constructed
